2018-05-16 02:38:43,911 ERROR: Exception on /edit_profile [POST] [in /Users/noahjohnson/Documents/GitHub/CS330-Final-Project/virtualenviroments/skal/skal/lib/python3.6/site-packages/flask/app.py:1761]
Traceback (most recent call last):
  File "/Users/noahjohnson/Documents/GitHub/CS330-Final-Project/virtualenviroments/skal/skal/lib/python3.6/site-packages/sqlalchemy/engine/base.py", line 1193, in _execute_context
    context)
  File "/Users/noahjohnson/Documents/GitHub/CS330-Final-Project/virtualenviroments/skal/skal/lib/python3.6/site-packages/sqlalchemy/engine/default.py", line 507, in do_execute
    cursor.execute(statement, parameters)
sqlite3.IntegrityError: UNIQUE constraint failed: user.username

The above exception was the direct cause of the following exception:

Traceback (most recent call last):
  File "/Users/noahjohnson/Documents/GitHub/CS330-Final-Project/virtualenviroments/skal/skal/lib/python3.6/site-packages/flask/app.py", line 2292, in wsgi_app
    response = self.full_dispatch_request()
  File "/Users/noahjohnson/Documents/GitHub/CS330-Final-Project/virtualenviroments/skal/skal/lib/python3.6/site-packages/flask/app.py", line 1815, in full_dispatch_request
    rv = self.handle_user_exception(e)
  File "/Users/noahjohnson/Documents/GitHub/CS330-Final-Project/virtualenviroments/skal/skal/lib/python3.6/site-packages/flask/app.py", line 1718, in handle_user_exception
    reraise(exc_type, exc_value, tb)
  File "/Users/noahjohnson/Documents/GitHub/CS330-Final-Project/virtualenviroments/skal/skal/lib/python3.6/site-packages/flask/_compat.py", line 35, in reraise
    raise value
  File "/Users/noahjohnson/Documents/GitHub/CS330-Final-Project/virtualenviroments/skal/skal/lib/python3.6/site-packages/flask/app.py", line 1813, in full_dispatch_request
    rv = self.dispatch_request()
  File "/Users/noahjohnson/Documents/GitHub/CS330-Final-Project/virtualenviroments/skal/skal/lib/python3.6/site-packages/flask/app.py", line 1799, in dispatch_request
    return self.view_functions[rule.endpoint](**req.view_args)
  File "/Users/noahjohnson/Documents/GitHub/CS330-Final-Project/virtualenviroments/skal/skal/lib/python3.6/site-packages/flask_login/utils.py", line 261, in decorated_view
    return func(*args, **kwargs)
  File "/Users/noahjohnson/Documents/GitHub/CS330-Final-Project/virtualenviroments/skal/app/routes.py", line 103, in edit_profile
    db.session.commit()
  File "/Users/noahjohnson/Documents/GitHub/CS330-Final-Project/virtualenviroments/skal/skal/lib/python3.6/site-packages/sqlalchemy/orm/scoping.py", line 153, in do
    return getattr(self.registry(), name)(*args, **kwargs)
  File "/Users/noahjohnson/Documents/GitHub/CS330-Final-Project/virtualenviroments/skal/skal/lib/python3.6/site-packages/sqlalchemy/orm/session.py", line 943, in commit
    self.transaction.commit()
  File "/Users/noahjohnson/Documents/GitHub/CS330-Final-Project/virtualenviroments/skal/skal/lib/python3.6/site-packages/sqlalchemy/orm/session.py", line 467, in commit
    self._prepare_impl()
  File "/Users/noahjohnson/Documents/GitHub/CS330-Final-Project/virtualenviroments/skal/skal/lib/python3.6/site-packages/sqlalchemy/orm/session.py", line 447, in _prepare_impl
    self.session.flush()
  File "/Users/noahjohnson/Documents/GitHub/CS330-Final-Project/virtualenviroments/skal/skal/lib/python3.6/site-packages/sqlalchemy/orm/session.py", line 2254, in flush
    self._flush(objects)
  File "/Users/noahjohnson/Documents/GitHub/CS330-Final-Project/virtualenviroments/skal/skal/lib/python3.6/site-packages/sqlalchemy/orm/session.py", line 2380, in _flush
    transaction.rollback(_capture_exception=True)
  File "/Users/noahjohnson/Documents/GitHub/CS330-Final-Project/virtualenviroments/skal/skal/lib/python3.6/site-packages/sqlalchemy/util/langhelpers.py", line 66, in __exit__
    compat.reraise(exc_type, exc_value, exc_tb)
  File "/Users/noahjohnson/Documents/GitHub/CS330-Final-Project/virtualenviroments/skal/skal/lib/python3.6/site-packages/sqlalchemy/util/compat.py", line 187, in reraise
    raise value
  File "/Users/noahjohnson/Documents/GitHub/CS330-Final-Project/virtualenviroments/skal/skal/lib/python3.6/site-packages/sqlalchemy/orm/session.py", line 2344, in _flush
    flush_context.execute()
  File "/Users/noahjohnson/Documents/GitHub/CS330-Final-Project/virtualenviroments/skal/skal/lib/python3.6/site-packages/sqlalchemy/orm/unitofwork.py", line 391, in execute
    rec.execute(self)
  File "/Users/noahjohnson/Documents/GitHub/CS330-Final-Project/virtualenviroments/skal/skal/lib/python3.6/site-packages/sqlalchemy/orm/unitofwork.py", line 556, in execute
    uow
  File "/Users/noahjohnson/Documents/GitHub/CS330-Final-Project/virtualenviroments/skal/skal/lib/python3.6/site-packages/sqlalchemy/orm/persistence.py", line 177, in save_obj
    mapper, table, update)
  File "/Users/noahjohnson/Documents/GitHub/CS330-Final-Project/virtualenviroments/skal/skal/lib/python3.6/site-packages/sqlalchemy/orm/persistence.py", line 768, in _emit_update_statements
    execute(statement, multiparams)
  File "/Users/noahjohnson/Documents/GitHub/CS330-Final-Project/virtualenviroments/skal/skal/lib/python3.6/site-packages/sqlalchemy/engine/base.py", line 948, in execute
    return meth(self, multiparams, params)
  File "/Users/noahjohnson/Documents/GitHub/CS330-Final-Project/virtualenviroments/skal/skal/lib/python3.6/site-packages/sqlalchemy/sql/elements.py", line 269, in _execute_on_connection
    return connection._execute_clauseelement(self, multiparams, params)
  File "/Users/noahjohnson/Documents/GitHub/CS330-Final-Project/virtualenviroments/skal/skal/lib/python3.6/site-packages/sqlalchemy/engine/base.py", line 1060, in _execute_clauseelement
    compiled_sql, distilled_params
  File "/Users/noahjohnson/Documents/GitHub/CS330-Final-Project/virtualenviroments/skal/skal/lib/python3.6/site-packages/sqlalchemy/engine/base.py", line 1200, in _execute_context
    context)
  File "/Users/noahjohnson/Documents/GitHub/CS330-Final-Project/virtualenviroments/skal/skal/lib/python3.6/site-packages/sqlalchemy/engine/base.py", line 1413, in _handle_dbapi_exception
    exc_info
  File "/Users/noahjohnson/Documents/GitHub/CS330-Final-Project/virtualenviroments/skal/skal/lib/python3.6/site-packages/sqlalchemy/util/compat.py", line 203, in raise_from_cause
    reraise(type(exception), exception, tb=exc_tb, cause=cause)
  File "/Users/noahjohnson/Documents/GitHub/CS330-Final-Project/virtualenviroments/skal/skal/lib/python3.6/site-packages/sqlalchemy/util/compat.py", line 186, in reraise
    raise value.with_traceback(tb)
  File "/Users/noahjohnson/Documents/GitHub/CS330-Final-Project/virtualenviroments/skal/skal/lib/python3.6/site-packages/sqlalchemy/engine/base.py", line 1193, in _execute_context
    context)
  File "/Users/noahjohnson/Documents/GitHub/CS330-Final-Project/virtualenviroments/skal/skal/lib/python3.6/site-packages/sqlalchemy/engine/default.py", line 507, in do_execute
    cursor.execute(statement, parameters)
sqlalchemy.exc.IntegrityError: (sqlite3.IntegrityError) UNIQUE constraint failed: user.username [SQL: 'UPDATE user SET username=?, old_username=?, username_last_changed=? WHERE user.id = ?'] [parameters: ('test', 'noah', '2018-05-16 07:38:43.909876', 1)] (Background on this error at: http://sqlalche.me/e/gkpj)
2018-05-16 02:43:17,806 INFO: Microblog startup [in /Users/noahjohnson/Documents/GitHub/CS330-Final-Project/virtualenviroments/skal/app/__init__.py:47]
2018-05-16 02:46:38,407 INFO: Microblog startup [in /Users/noahjohnson/Documents/GitHub/CS330-Final-Project/virtualenviroments/skal/app/__init__.py:47]
2018-05-16 02:53:28,929 INFO: Microblog startup [in /Users/noahjohnson/Documents/GitHub/CS330-Final-Project/virtualenviroments/skal/app/__init__.py:47]
2018-05-16 03:00:56,597 INFO: Microblog startup [in /Users/noahjohnson/Documents/GitHub/CS330-Final-Project/virtualenviroments/skal/app/__init__.py:47]
2018-05-16 03:06:22,987 INFO: Microblog startup [in /Users/noahjohnson/Documents/GitHub/CS330-Final-Project/virtualenviroments/skal/app/__init__.py:47]
2018-05-16 03:10:20,618 INFO: Microblog startup [in /Users/noahjohnson/Documents/GitHub/CS330-Final-Project/virtualenviroments/skal/app/__init__.py:47]
2018-05-16 03:12:31,506 INFO: Microblog startup [in /Users/noahjohnson/Documents/GitHub/CS330-Final-Project/virtualenviroments/skal/app/__init__.py:47]
2018-05-16 03:12:49,594 INFO: Microblog startup [in /Users/noahjohnson/Documents/GitHub/CS330-Final-Project/virtualenviroments/skal/app/__init__.py:47]
2018-05-16 03:13:29,577 INFO: Microblog startup [in /Users/noahjohnson/Documents/GitHub/CS330-Final-Project/virtualenviroments/skal/app/__init__.py:47]
2018-05-16 03:21:18,516 INFO: Microblog startup [in /Users/noahjohnson/Documents/GitHub/CS330-Final-Project/virtualenviroments/skal/app/__init__.py:47]
2018-05-16 03:23:23,199 INFO: Microblog startup [in /Users/noahjohnson/Documents/GitHub/CS330-Final-Project/virtualenviroments/skal/app/__init__.py:47]
